Warning[205] C:\DATA\ONEDRIVE - SYDDANSK ERHVERVSSKOLE\CURRENT\ELECTRONICS\ESC\ESC.X\MAIN.ASM 1 : Found directive in column 1. (list)
Warning[205] C:\DATA\ONEDRIVE - SYDDANSK ERHVERVSSKOLE\CURRENT\ELECTRONICS\ESC\ESC.X\MAIN.ASM 2 : Found directive in column 1. (INCLUDE)
Warning[207] C:\DATA\ONEDRIVE - SYDDANSK ERHVERVSSKOLE\CURRENT\ELECTRONICS\ESC\ESC.X\MAIN.ASM 22 : Found label after column 1. (STEPOFF)
Warning[207] C:\DATA\ONEDRIVE - SYDDANSK ERHVERVSSKOLE\CURRENT\ELECTRONICS\ESC\ESC.X\MAIN.ASM 23 : Found label after column 1. (STEP0)
Warning[207] C:\DATA\ONEDRIVE - SYDDANSK ERHVERVSSKOLE\CURRENT\ELECTRONICS\ESC\ESC.X\MAIN.ASM 24 : Found label after column 1. (STEP1)
Warning[207] C:\DATA\ONEDRIVE - SYDDANSK ERHVERVSSKOLE\CURRENT\ELECTRONICS\ESC\ESC.X\MAIN.ASM 25 : Found label after column 1. (STEP2)
Warning[207] C:\DATA\ONEDRIVE - SYDDANSK ERHVERVSSKOLE\CURRENT\ELECTRONICS\ESC\ESC.X\MAIN.ASM 26 : Found label after column 1. (STEP3)
Warning[207] C:\DATA\ONEDRIVE - SYDDANSK ERHVERVSSKOLE\CURRENT\ELECTRONICS\ESC\ESC.X\MAIN.ASM 27 : Found label after column 1. (STEP4)
Warning[207] C:\DATA\ONEDRIVE - SYDDANSK ERHVERVSSKOLE\CURRENT\ELECTRONICS\ESC\ESC.X\MAIN.ASM 28 : Found label after column 1. (STEP5)
Warning[207] C:\DATA\ONEDRIVE - SYDDANSK ERHVERVSSKOLE\CURRENT\ELECTRONICS\ESC\ESC.X\MAIN.ASM 30 : Found label after column 1. (TMR_OPN_LP_LIM)
Warning[207] C:\DATA\ONEDRIVE - SYDDANSK ERHVERVSSKOLE\CURRENT\ELECTRONICS\ESC\ESC.X\MAIN.ASM 33 : Found label after column 1. (DRV_RUN)
Warning[207] C:\DATA\ONEDRIVE - SYDDANSK ERHVERVSSKOLE\CURRENT\ELECTRONICS\ESC\ESC.X\MAIN.ASM 34 : Found label after column 1. (DRV_NEXT_EMFVAL)
Warning[207] C:\DATA\ONEDRIVE - SYDDANSK ERHVERVSSKOLE\CURRENT\ELECTRONICS\ESC\ESC.X\MAIN.ASM 35 : Found label after column 1. (TMR_CLS_LOOP)
Message[305] C:\DATA\ONEDRIVE - SYDDANSK ERHVERVSSKOLE\CURRENT\ELECTRONICS\ESC\ESC.X\DRIVER.INC 9 : Using default destination of 1 (file).
Message[302] C:\DATA\ONEDRIVE - SYDDANSK ERHVERVSSKOLE\CURRENT\ELECTRONICS\ESC\ESC.X\DRIVER.INC 15 : Register in operand not in bank 0.  Ensure that bank bits are correct.
Message[302] C:\DATA\ONEDRIVE - SYDDANSK ERHVERVSSKOLE\CURRENT\ELECTRONICS\ESC\ESC.X\DRIVER.INC 18 : Register in operand not in bank 0.  Ensure that bank bits are correct.
Warning[207] C:\DATA\ONEDRIVE - SYDDANSK ERHVERVSSKOLE\CURRENT\ELECTRONICS\ESC\ESC.X\DRIVER.INC 41 : Found label after column 1. (DRV_CHCK_STEP0)
Warning[207] C:\DATA\ONEDRIVE - SYDDANSK ERHVERVSSKOLE\CURRENT\ELECTRONICS\ESC\ESC.X\DRIVER.INC 51 : Found label after column 1. (DRV_CHCK_STEP1)
Warning[207] C:\DATA\ONEDRIVE - SYDDANSK ERHVERVSSKOLE\CURRENT\ELECTRONICS\ESC\ESC.X\DRIVER.INC 61 : Found label after column 1. (DRV_CHCK_STEP2)
Warning[207] C:\DATA\ONEDRIVE - SYDDANSK ERHVERVSSKOLE\CURRENT\ELECTRONICS\ESC\ESC.X\DRIVER.INC 71 : Found label after column 1. (DRV_CHCK_STEP3)
Warning[207] C:\DATA\ONEDRIVE - SYDDANSK ERHVERVSSKOLE\CURRENT\ELECTRONICS\ESC\ESC.X\DRIVER.INC 81 : Found label after column 1. (DRV_CHCK_STEP4)
Warning[207] C:\DATA\ONEDRIVE - SYDDANSK ERHVERVSSKOLE\CURRENT\ELECTRONICS\ESC\ESC.X\DRIVER.INC 91 : Found label after column 1. (DRV_CHCK_STEP5)
Message[302] C:\DATA\ONEDRIVE - SYDDANSK ERHVERVSSKOLE\CURRENT\ELECTRONICS\ESC\ESC.X\BEMF.INC 5 : Register in operand not in bank 0.  Ensure that bank bits are correct.
Message[302] C:\DATA\ONEDRIVE - SYDDANSK ERHVERVSSKOLE\CURRENT\ELECTRONICS\ESC\ESC.X\BEMF.INC 7 : Register in operand not in bank 0.  Ensure that bank bits are correct.
Message[305] C:\DATA\ONEDRIVE - SYDDANSK ERHVERVSSKOLE\CURRENT\ELECTRONICS\ESC\ESC.X\BEMF.INC 27 : Using default destination of 1 (file).
Message[305] C:\DATA\ONEDRIVE - SYDDANSK ERHVERVSSKOLE\CURRENT\ELECTRONICS\ESC\ESC.X\BEMF.INC 28 : Using default destination of 1 (file).
Message[302] C:\DATA\ONEDRIVE - SYDDANSK ERHVERVSSKOLE\CURRENT\ELECTRONICS\ESC\ESC.X\BEMF.INC 34 : Register in operand not in bank 0.  Ensure that bank bits are correct.
Message[302] C:\DATA\ONEDRIVE - SYDDANSK ERHVERVSSKOLE\CURRENT\ELECTRONICS\ESC\ESC.X\BEMF.INC 44 : Register in operand not in bank 0.  Ensure that bank bits are correct.
Warning[207] C:\DATA\ONEDRIVE - SYDDANSK ERHVERVSSKOLE\CURRENT\ELECTRONICS\ESC\ESC.X\BEMF.INC 48 : Found label after column 1. (BEMF_CHCK_LOW)
Warning[207] C:\DATA\ONEDRIVE - SYDDANSK ERHVERVSSKOLE\CURRENT\ELECTRONICS\ESC\ESC.X\BEMF.INC 56 : Found label after column 1. (BEMF_CHCK_HIGH)
Warning[207] C:\DATA\ONEDRIVE - SYDDANSK ERHVERVSSKOLE\CURRENT\ELECTRONICS\ESC\ESC.X\BEMF.INC 60 : Found label after column 1. (BEMF_INCR_TRIG)
Warning[207] C:\DATA\ONEDRIVE - SYDDANSK ERHVERVSSKOLE\CURRENT\ELECTRONICS\ESC\ESC.X\BEMF.INC 65 : Found label after column 1. (BEMF_NEXT)
Warning[207] C:\DATA\ONEDRIVE - SYDDANSK ERHVERVSSKOLE\CURRENT\ELECTRONICS\ESC\ESC.X\BEMF.INC 69 : Found label after column 1. (BEMF_TRIG_END)
Message[302] C:\DATA\ONEDRIVE - SYDDANSK ERHVERVSSKOLE\CURRENT\ELECTRONICS\ESC\ESC.X\TIMER.INC 8 : Register in operand not in bank 0.  Ensure that bank bits are correct.
Message[305] C:\DATA\ONEDRIVE - SYDDANSK ERHVERVSSKOLE\CURRENT\ELECTRONICS\ESC\ESC.X\TIMER.INC 13 : Using default destination of 1 (file).
Message[302] C:\DATA\ONEDRIVE - SYDDANSK ERHVERVSSKOLE\CURRENT\ELECTRONICS\ESC\ESC.X\TIMER.INC 13 : Register in operand not in bank 0.  Ensure that bank bits are correct.
Message[305] C:\DATA\ONEDRIVE - SYDDANSK ERHVERVSSKOLE\CURRENT\ELECTRONICS\ESC\ESC.X\TIMER.INC 15 : Using default destination of 1 (file).
Message[302] C:\DATA\ONEDRIVE - SYDDANSK ERHVERVSSKOLE\CURRENT\ELECTRONICS\ESC\ESC.X\TIMER.INC 15 : Register in operand not in bank 0.  Ensure that bank bits are correct.
Warning[207] C:\DATA\ONEDRIVE - SYDDANSK ERHVERVSSKOLE\CURRENT\ELECTRONICS\ESC\ESC.X\TIMER.INC 39 : Found label after column 1. (TMR_TRIG_END)
Warning[205] C:\DATA\ONEDRIVE - SYDDANSK ERHVERVSSKOLE\CURRENT\ELECTRONICS\ESC\ESC.X\MAIN.ASM 75 : Found directive in column 1. (END)
